gyp info it worked if it ends with ok
gyp info using node-gyp@10.0.1
gyp info using node@20.11.0 | linux | x64
gyp info find Python using Python version 3.10.12 found at "/usr/bin/python3"
gyp http GET https://nodejs.org/download/release/v20.11.0/node-v20.11.0-headers.tar.gz
gyp http 200 https://nodejs.org/download/release/v20.11.0/node-v20.11.0-headers.tar.gz
gyp http GET https://nodejs.org/download/release/v20.11.0/SHASUMS256.txt
gyp http 200 https://nodejs.org/download/release/v20.11.0/SHASUMS256.txt
gyp info spawn /usr/bin/python3
gyp info spawn args [
gyp info spawn args '/usr/local/lib/node_modules/npm/node_modules/node-gyp/gyp/gyp_main.py',
gyp info spawn args 'binding.gyp',
gyp info spawn args '-f',
gyp info spawn args 'make',
gyp info spawn args '-I',
gyp info spawn args '/home/rtorrez/Documentos/personal/ntf/nft-react-boilerplate/node_modules/ursa-optional/build/config.gypi',
gyp info spawn args '-I',
gyp info spawn args '/usr/local/lib/node_modules/npm/node_modules/node-gyp/addon.gypi',
gyp info spawn args '-I',
gyp info spawn args '/home/rtorrez/.cache/node-gyp/20.11.0/include/node/common.gypi',
gyp info spawn args '-Dlibrary=shared_library',
gyp info spawn args '-Dvisibility=default',
gyp info spawn args '-Dnode_root_dir=/home/rtorrez/.cache/node-gyp/20.11.0',
gyp info spawn args '-Dnode_gyp_dir=/usr/local/lib/node_modules/npm/node_modules/node-gyp',
gyp info spawn args '-Dnode_lib_file=/home/rtorrez/.cache/node-gyp/20.11.0/<(target_arch)/node.lib',
gyp info spawn args '-Dmodule_root_dir=/home/rtorrez/Documentos/personal/ntf/nft-react-boilerplate/node_modules/ursa-optional',
gyp info spawn args '-Dnode_engine=v8',
gyp info spawn args '--depth=.',
gyp info spawn args '--no-parallel',
gyp info spawn args '--generator-output',
gyp info spawn args 'build',
gyp info spawn args '-Goutput_dir=.'
gyp info spawn args ]
gyp info spawn make
gyp info spawn args [ 'BUILDTYPE=Release', '-C', 'build' ]
In file included from ../../nan/nan.h:178,
                 from ../src/ursaNative.h:10,
                 from ../src/ursaNative.cc:3:
../../nan/nan_callbacks.h:55:23: error: ‘AccessorSignature’ is not a member of ‘v8’
   55 | typedef v8::Local<v8::AccessorSignature> Sig;
      |                       ^~~~~~~~~~~~~~~~~
../../nan/nan_callbacks.h:55:40: error: template argument 1 is invalid
   55 | typedef v8::Local<v8::AccessorSignature> Sig;
      |                                        ^
In file included from ../src/ursaNative.h:10,
                 from ../src/ursaNative.cc:3:
../../nan/nan.h: In function ‘void Nan::SetAccessor(v8::Local<v8::ObjectTemplate>, v8::Local<v8::String>, Nan::GetterCallback, Nan::SetterCallback, v8::Local<v8::Value>, v8::AccessControl, v8::PropertyAttribute, Nan::imp::Sig)’:
../../nan/nan.h:2544:19: error: no matching function for call to ‘v8::ObjectTemplate::SetAccessor(v8::Local<v8::String>&, void (*&)(v8::Local<v8::Name>, const v8::PropertyCallbackInfo<v8::Value>&), void (*&)(v8::Local<v8::Name>, v8::Local<v8::Value>, const v8::PropertyCallbackInfo<void>&), v8::Local<v8::Object>&, v8::AccessControl&, v8::PropertyAttribute&, Nan::imp::Sig&)’
 2544 |   tpl->SetAccessor(
      |   ~~~~~~~~~~~~~~~~^
 2545 |       name
      |       ~~~~         
 2546 |     , getter_
      |     ~~~~~~~~~      
 2547 |     , setter_
      |     ~~~~~~~~~      
 2548 |     , obj
      |     ~~~~~          
 2549 |     , settings
      |     ~~~~~~~~~~     
 2550 |     , attribute
      |     ~~~~~~~~~~~    
 2551 |     , signature);
      |     ~~~~~~~~~~~~   
In file included from /home/rtorrez/.cache/node-gyp/20.11.0/include/node/v8-function.h:15,
                 from /home/rtorrez/.cache/node-gyp/20.11.0/include/node/v8.h:33,
                 from /home/rtorrez/.cache/node-gyp/20.11.0/include/node/node.h:73,
                 from ../src/ursaNative.h:9,
                 from ../src/ursaNative.cc:3:
/home/rtorrez/.cache/node-gyp/20.11.0/include/node/v8-template.h:809:8: note: candidate: ‘void v8::ObjectTemplate::SetAccessor(v8::Local<v8::String>, v8::AccessorGetterCallback, v8::AccessorSetterCallback, v8::Local<v8::Value>, v8::AccessControl, v8::PropertyAttribute, v8::SideEffectType, v8::SideEffectType)’
  809 |   void SetAccessor(
      |        ^~~~~~~~~~~
/home/rtorrez/.cache/node-gyp/20.11.0/include/node/v8-template.h:814:22: note:   no known conversion for argument 7 from ‘Nan::imp::Sig’ {aka ‘int’} to ‘v8::SideEffectType’
  814 |       SideEffectType getter_side_effect_type = SideEffectType::kHasSideEffect,
      |       ~~~~~~~~~~~~~~~^~~~~~~~~~~~~~~~~~~~~~~~~~~~~~~~~~~~~~~~~~~~~~~~~~~~~~~~
/home/rtorrez/.cache/node-gyp/20.11.0/include/node/v8-template.h:816:8: note: candidate: ‘void v8::ObjectTemplate::SetAccessor(v8::Local<v8::Name>, v8::AccessorNameGetterCallback, v8::AccessorNameSetterCallback, v8::Local<v8::Value>, v8::AccessControl, v8::PropertyAttribute, v8::SideEffectType, v8::SideEffectType)’
  816 |   void SetAccessor(
      |        ^~~~~~~~~~~
/home/rtorrez/.cache/node-gyp/20.11.0/include/node/v8-template.h:821:22: note:   no known conversion for argument 7 from ‘Nan::imp::Sig’ {aka ‘int’} to ‘v8::SideEffectType’
  821 |       SideEffectType getter_side_effect_type = SideEffectType::kHasSideEffect,
      |       ~~~~~~~~~~~~~~~^~~~~~~~~~~~~~~~~~~~~~~~~~~~~~~~~~~~~~~~~~~~~~~~~~~~~~~~
In file included from ../src/ursaNative.h:9,
                 from ../src/ursaNative.cc:3:
../src/ursaNative.cc: At global scope:
/home/rtorrez/.cache/node-gyp/20.11.0/include/node/node.h:1172:7: warning: cast between incompatible function types from ‘void (*)(v8::Local<v8::Object>)’ to ‘node::addon_register_func’ {aka ‘void (*)(v8::Local<v8::Object>, v8::Local<v8::Value>, void*)’} [-Wcast-function-type]
 1172 |       (node::addon_register_func) (regfunc),                          \
      |       ^~~~~~~~~~~~~~~~~~~~~~~~~~~~~~~~~~~~~
/home/rtorrez/.cache/node-gyp/20.11.0/include/node/node.h:1206:3: note: in expansion of macro ‘NODE_MODULE_X’
 1206 |   NODE_MODULE_X(modname, regfunc, NULL, 0)  // NOLINT (readability/null_usage)
      |   ^~~~~~~~~~~~~
../src/ursaNative.cc:389:1: note: in expansion of macro ‘NODE_MODULE’
  389 | NODE_MODULE(ursaNative, init)
      | ^~~~~~~~~~~
../src/ursaNative.cc: In function ‘RSA* generateKey(int, long unsigned int)’:
../src/ursaNative.cc:593:24: warning: ‘RSA* RSA_new()’ is deprecated: Since OpenSSL 3.0 [-Wdeprecated-declarations]
  593 |   RSA *result = RSA_new();
      |                 ~~~~~~~^~
In file included from ../src/ursaNative.h:13,
                 from ../src/ursaNative.cc:3:
/home/rtorrez/.cache/node-gyp/20.11.0/include/node/openssl/rsa.h:201:28: note: declared here
  201 | OSSL_DEPRECATEDIN_3_0 RSA *RSA_new(void);
      |                            ^~~~~~~
../src/ursaNative.cc:601:26: warning: ‘int RSA_generate_key_ex(RSA*, int, BIGNUM*, BN_GENCB*)’ is deprecated: Since OpenSSL 3.0 [-Wdeprecated-declarations]
  601 |   if (RSA_generate_key_ex(result, num, eBig, NULL) < 0)
      |       ~~~~~~~~~~~~~~~~~~~^~~~~~~~~~~~~~~~~~~~~~~~~
In file included from ../src/ursaNative.h:13,
                 from ../src/ursaNative.cc:3:
/home/rtorrez/.cache/node-gyp/20.11.0/include/node/openssl/rsa.h:260:27: note: declared here
  260 | OSSL_DEPRECATEDIN_3_0 int RSA_generate_key_ex(RSA *rsa, int bits, BIGNUM *e,
      |                           ^~~~~~~~~~~~~~~~~~~
../src/ursaNative.cc:603:13: warning: ‘void RSA_free(RSA*)’ is deprecated: Since OpenSSL 3.0 [-Wdeprecated-declarations]
  603 |     RSA_free(result);
      |     ~~~~~~~~^~~~~~~~
In file included from ../src/ursaNative.h:13,
                 from ../src/ursaNative.cc:3:
/home/rtorrez/.cache/node-gyp/20.11.0/include/node/openssl/rsa.h:293:28: note: declared here
  293 | OSSL_DEPRECATEDIN_3_0 void RSA_free(RSA *r);
      |                            ^~~~~~~~
../src/ursaNative.cc: In destructor ‘virtual RsaWrap::~RsaWrap()’:
../src/ursaNative.cc:720:13: warning: ‘void RSA_free(RSA*)’ is deprecated: Since OpenSSL 3.0 [-Wdeprecated-declarations]
  720 |     RSA_free(rsa);
      |     ~~~~~~~~^~~~~
In file included from ../src/ursaNative.h:13,
                 from ../src/ursaNative.cc:3:
/home/rtorrez/.cache/node-gyp/20.11.0/include/node/openssl/rsa.h:293:28: note: declared here
  293 | OSSL_DEPRECATEDIN_3_0 void RSA_free(RSA *r);
      |                            ^~~~~~~~
../src/ursaNative.cc: In static member function ‘static Nan::NAN_METHOD_RETURN_TYPE RsaWrap::OpenPublicSshKey(Nan::NAN_METHOD_ARGS_TYPE)’:
../src/ursaNative.cc:747:23: warning: ‘RSA* RSA_new()’ is deprecated: Since OpenSSL 3.0 [-Wdeprecated-declarations]
  747 |     obj->rsa = RSA_new();
      |                ~~~~~~~^~
In file included from ../src/ursaNative.h:13,
                 from ../src/ursaNative.cc:3:
/home/rtorrez/.cache/node-gyp/20.11.0/include/node/openssl/rsa.h:201:28: note: declared here
  201 | OSSL_DEPRECATEDIN_3_0 RSA *RSA_new(void);
      |                            ^~~~~~~
../src/ursaNative.cc:755:15: warning: ‘int RSA_set0_key(RSA*, BIGNUM*, BIGNUM*, BIGNUM*)’ is deprecated: Since OpenSSL 3.0 [-Wdeprecated-declarations]
  755 |   RSA_set0_key(obj->rsa, obj->rsa_n, obj->rsa_e, NULL);
      |   ~~~~~~~~~~~~^~~~~~~~~~~~~~~~~~~~~~~~~~~~~~~~~~~~~~~~
In file included from ../src/ursaNative.h:13,
                 from ../src/ursaNative.cc:3:
/home/rtorrez/.cache/node-gyp/20.11.0/include/node/openssl/rsa.h:207:27: note: declared here
  207 | OSSL_DEPRECATEDIN_3_0 int RSA_set0_key(RSA *r, BIGNUM *n, BIGNUM *e, BIGNUM *d);
      |                           ^~~~~~~~~~~~
../src/ursaNative.cc: In static member function ‘static RsaWrap* RsaWrap::expectPrivateKey(RsaWrap*)’:
../src/ursaNative.cc:773:17: warning: ‘void RSA_get0_key(const RSA*, const BIGNUM**, const BIGNUM**, const BIGNUM**)’ is deprecated: Since OpenSSL 3.0 [-Wdeprecated-declarations]
  773 |     RSA_get0_key(obj->rsa, NULL, NULL, (const BIGNUM **)&obj->rsa_d);
      |     ~~~~~~~~~~~~^~~~~~~~~~~~~~~~~~~~~~~~~~~~~~~~~~~~~~~~~~~~~~~~~~~~
In file included from ../src/ursaNative.h:13,
                 from ../src/ursaNative.cc:3:
/home/rtorrez/.cache/node-gyp/20.11.0/include/node/openssl/rsa.h:217:28: note: declared here
  217 | OSSL_DEPRECATEDIN_3_0 void RSA_get0_key(const RSA *r,
      |                            ^~~~~~~~~~~~
../src/ursaNative.cc: In static member function ‘static Nan::NAN_METHOD_RETURN_TYPE RsaWrap::GetExponent(Nan::NAN_METHOD_ARGS_TYPE)’:
../src/ursaNative.cc:929:15: warning: ‘void RSA_get0_key(const RSA*, const BIGNUM**, const BIGNUM**, const BIGNUM**)’ is deprecated: Since OpenSSL 3.0 [-Wdeprecated-declarations]
  929 |   RSA_get0_key(obj->rsa, NULL, (const BIGNUM **)&obj->rsa_e, NULL);
      |   ~~~~~~~~~~~~^~~~~~~~~~~~~~~~~~~~~~~~~~~~~~~~~~~~~~~~~~~~~~~~~~~~
In file included from ../src/ursaNative.h:13,
                 from ../src/ursaNative.cc:3:
/home/rtorrez/.cache/node-gyp/20.11.0/include/node/openssl/rsa.h:217:28: note: declared here
  217 | OSSL_DEPRECATEDIN_3_0 void RSA_get0_key(const RSA *r,
      |                            ^~~~~~~~~~~~
../src/ursaNative.cc: In static member function ‘static Nan::NAN_METHOD_RETURN_TYPE RsaWrap::GetPrivateExponent(Nan::NAN_METHOD_ARGS_TYPE)’:
../src/ursaNative.cc:950:15: warning: ‘void RSA_get0_key(const RSA*, const BIGNUM**, const BIGNUM**, const BIGNUM**)’ is deprecated: Since OpenSSL 3.0 [-Wdeprecated-declarations]
  950 |   RSA_get0_key(obj->rsa, NULL, NULL, (const BIGNUM **)&obj->rsa_d);
      |   ~~~~~~~~~~~~^~~~~~~~~~~~~~~~~~~~~~~~~~~~~~~~~~~~~~~~~~~~~~~~~~~~
In file included from ../src/ursaNative.h:13,
                 from ../src/ursaNative.cc:3:
/home/rtorrez/.cache/node-gyp/20.11.0/include/node/openssl/rsa.h:217:28: note: declared here
  217 | OSSL_DEPRECATEDIN_3_0 void RSA_get0_key(const RSA *r,
      |                            ^~~~~~~~~~~~
../src/ursaNative.cc: In static member function ‘static Nan::NAN_METHOD_RETURN_TYPE RsaWrap::GetModulus(Nan::NAN_METHOD_ARGS_TYPE)’:
../src/ursaNative.cc:970:15: warning: ‘void RSA_get0_key(const RSA*, const BIGNUM**, const BIGNUM**, const BIGNUM**)’ is deprecated: Since OpenSSL 3.0 [-Wdeprecated-declarations]
  970 |   RSA_get0_key(obj->rsa, (const BIGNUM **)&obj->rsa_n, NULL, NULL);
      |   ~~~~~~~~~~~~^~~~~~~~~~~~~~~~~~~~~~~~~~~~~~~~~~~~~~~~~~~~~~~~~~~~
In file included from ../src/ursaNative.h:13,
                 from ../src/ursaNative.cc:3:
/home/rtorrez/.cache/node-gyp/20.11.0/include/node/openssl/rsa.h:217:28: note: declared here
  217 | OSSL_DEPRECATEDIN_3_0 void RSA_get0_key(const RSA *r,
      |                            ^~~~~~~~~~~~
../src/ursaNative.cc: In static member function ‘static Nan::NAN_METHOD_RETURN_TYPE RsaWrap::GetPrivateKeyPem(Nan::NAN_METHOD_ARGS_TYPE)’:
../src/ursaNative.cc:1019:35: warning: ‘int PEM_write_bio_RSAPrivateKey(BIO*, const RSA*, const EVP_CIPHER*, const unsigned char*, int, int (*)(char*, int, int, void*), void*)’ is deprecated: Since OpenSSL 3.0 [-Wdeprecated-declarations]
 1019 |   if (!PEM_write_bio_RSAPrivateKey(bio, obj->rsa,
      |        ~~~~~~~~~~~~~~~~~~~~~~~~~~~^~~~~~~~~~~~~~~
 1020 |                                    cipher, (unsigned char *)password,
      |                                    ~~~~~~~~~~~~~~~~~~~~~~~~~~~~~~~~~~
 1021 |                                    passwordLen, NULL, NULL))
      |                                    ~~~~~~~~~~~~~~~~~~~~~~~~
In file included from /home/rtorrez/.cache/node-gyp/20.11.0/include/node/openssl/././archs/linux-x86_64/asm/include/openssl/ssl.h:36,
                 from /home/rtorrez/.cache/node-gyp/20.11.0/include/node/openssl/./ssl_asm.h:11,
                 from /home/rtorrez/.cache/node-gyp/20.11.0/include/node/openssl/ssl.h:4,
                 from ../src/ursaNative.cc:9:
/home/rtorrez/.cache/node-gyp/20.11.0/include/node/openssl/pem.h:81:9: note: declared here
   81 |     int PEM_##writename##_##name(OUTTYPE *out, const type *x,           \
      |         ^~~~
/home/rtorrez/.cache/node-gyp/20.11.0/include/node/openssl/pem.h:295:10: note: in expansion of macro ‘PEM_write_cb_fnsig’
  295 |     attr PEM_write_cb_fnsig(name, type, BIO, write_bio);
      |          ^~~~~~~~~~~~~~~~~~
/home/rtorrez/.cache/node-gyp/20.11.0/include/node/openssl/pem.h:322:5: note: in expansion of macro ‘DECLARE_PEM_write_cb_bio_attr’
  322 |     DECLARE_PEM_write_cb_bio_attr(attr, name, type)                         \
      |     ^~~~~~~~~~~~~~~~~~~~~~~~~~~~~
/home/rtorrez/.cache/node-gyp/20.11.0/include/node/openssl/pem.h:360:5: note: in expansion of macro ‘DECLARE_PEM_write_cb_attr’
  360 |     DECLARE_PEM_write_cb_attr(attr, name, type)
      |     ^~~~~~~~~~~~~~~~~~~~~~~~~
/home/rtorrez/.cache/node-gyp/20.11.0/include/node/openssl/pem.h:447:1: note: in expansion of macro ‘DECLARE_PEM_rw_cb_attr’
  447 | DECLARE_PEM_rw_cb_attr(OSSL_DEPRECATEDIN_3_0, RSAPrivateKey, RSA)
      | ^~~~~~~~~~~~~~~~~~~~~~
../src/ursaNative.cc: In static member function ‘static Nan::NAN_METHOD_RETURN_TYPE RsaWrap::GetPublicKeyPem(Nan::NAN_METHOD_ARGS_TYPE)’:
../src/ursaNative.cc:1056:32: warning: ‘int PEM_write_bio_RSA_PUBKEY(BIO*, const RSA*)’ is deprecated: Since OpenSSL 3.0 [-Wdeprecated-declarations]
 1056 |   if (!PEM_write_bio_RSA_PUBKEY(bio, obj->rsa))
      |        ~~~~~~~~~~~~~~~~~~~~~~~~^~~~~~~~~~~~~~~
In file included from /home/rtorrez/.cache/node-gyp/20.11.0/include/node/openssl/././archs/linux-x86_64/asm/include/openssl/ssl.h:36,
                 from /home/rtorrez/.cache/node-gyp/20.11.0/include/node/openssl/./ssl_asm.h:11,
                 from /home/rtorrez/.cache/node-gyp/20.11.0/include/node/openssl/ssl.h:4,
                 from ../src/ursaNative.cc:9:
/home/rtorrez/.cache/node-gyp/20.11.0/include/node/openssl/pem.h:79:9: note: declared here
   79 |     int PEM_##writename##_##name(OUTTYPE *out, const type *x)
      |         ^~~~
/home/rtorrez/.cache/node-gyp/20.11.0/include/node/openssl/pem.h:278:10: note: in expansion of macro ‘PEM_write_fnsig’
  278 |     attr PEM_write_fnsig(name, type, BIO, write_bio);
      |          ^~~~~~~~~~~~~~~
/home/rtorrez/.cache/node-gyp/20.11.0/include/node/openssl/pem.h:305:5: note: in expansion of macro ‘DECLARE_PEM_write_bio_attr’
  305 |     DECLARE_PEM_write_bio_attr(attr, name, type)                            \
      |     ^~~~~~~~~~~~~~~~~~~~~~~~~~
/home/rtorrez/.cache/node-gyp/20.11.0/include/node/openssl/pem.h:343:5: note: in expansion of macro ‘DECLARE_PEM_write_attr’
  343 |     DECLARE_PEM_write_attr(attr, name, type)
      |     ^~~~~~~~~~~~~~~~~~~~~~
/home/rtorrez/.cache/node-gyp/20.11.0/include/node/openssl/pem.h:449:1: note: in expansion of macro ‘DECLARE_PEM_rw_attr’
  449 | DECLARE_PEM_rw_attr(OSSL_DEPRECATEDIN_3_0, RSA_PUBKEY, RSA)
      | ^~~~~~~~~~~~~~~~~~~
../src/ursaNative.cc: In static member function ‘static Nan::NAN_METHOD_RETURN_TYPE RsaWrap::PrivateDecrypt(Nan::NAN_METHOD_ARGS_TYPE)’:
../src/ursaNative.cc:1102:27: warning: ‘int RSA_size(const RSA*)’ is deprecated: Since OpenSSL 3.0 [-Wdeprecated-declarations]
 1102 |   int rsaLength = RSA_size(obj->rsa);
      |                   ~~~~~~~~^~~~~~~~~~
In file included from ../src/ursaNative.h:13,
                 from ../src/ursaNative.cc:3:
/home/rtorrez/.cache/node-gyp/20.11.0/include/node/openssl/rsa.h:204:27: note: declared here
  204 | OSSL_DEPRECATEDIN_3_0 int RSA_size(const RSA *rsa);
      |                           ^~~~~~~~
../src/ursaNative.cc:1112:38: warning: ‘int RSA_private_decrypt(int, const unsigned char*, unsigned char*, RSA*, int)’ is deprecated: Since OpenSSL 3.0 [-Wdeprecated-declarations]
 1112 |   int bufLength = RSA_private_decrypt(length, (unsigned char *)data,
      |                   ~~~~~~~~~~~~~~~~~~~^~~~~~~~~~~~~~~~~~~~~~~~~~~~~~~
 1113 |                                       buf, obj->rsa, padding);
      |                                       ~~~~~~~~~~~~~~~~~~~~~~~
In file included from ../src/ursaNative.h:13,
                 from ../src/ursaNative.cc:3:
/home/rtorrez/.cache/node-gyp/20.11.0/include/node/openssl/rsa.h:291:5: note: declared here
  291 | int RSA_private_decrypt(int flen, const unsigned char *from, unsigned char *to,
      |     ^~~~~~~~~~~~~~~~~~~
../src/ursaNative.cc: In static member function ‘static Nan::NAN_METHOD_RETURN_TYPE RsaWrap::PrivateEncrypt(Nan::NAN_METHOD_ARGS_TYPE)’:
../src/ursaNative.cc:1160:27: warning: ‘int RSA_size(const RSA*)’ is deprecated: Since OpenSSL 3.0 [-Wdeprecated-declarations]
 1160 |   int rsaLength = RSA_size(obj->rsa);
      |                   ~~~~~~~~^~~~~~~~~~
In file included from ../src/ursaNative.h:13,
                 from ../src/ursaNative.cc:3:
/home/rtorrez/.cache/node-gyp/20.11.0/include/node/openssl/rsa.h:204:27: note: declared here
  204 | OSSL_DEPRECATEDIN_3_0 int RSA_size(const RSA *rsa);
      |                           ^~~~~~~~
../src/ursaNative.cc:1170:32: warning: ‘int RSA_private_encrypt(int, const unsigned char*, unsigned char*, RSA*, int)’ is deprecated: Since OpenSSL 3.0 [-Wdeprecated-declarations]
 1170 |   int ret = RSA_private_encrypt(length, (unsigned char *)data,
      |             ~~~~~~~~~~~~~~~~~~~^~~~~~~~~~~~~~~~~~~~~~~~~~~~~~~
 1171 |                                 (unsigned char *)node::Buffer::Data(result),
      |                                 ~~~~~~~~~~~~~~~~~~~~~~~~~~~~~~~~~~~~~~~~~~~~
 1172 |                                 obj->rsa, padding);
      |                                 ~~~~~~~~~~~~~~~~~~
In file included from ../src/ursaNative.h:13,
                 from ../src/ursaNative.cc:3:
/home/rtorrez/.cache/node-gyp/20.11.0/include/node/openssl/rsa.h:285:5: note: declared here
  285 | int RSA_private_encrypt(int flen, const unsigned char *from, unsigned char *to,
      |     ^~~~~~~~~~~~~~~~~~~
../src/ursaNative.cc: In static member function ‘static Nan::NAN_METHOD_RETURN_TYPE RsaWrap::PublicDecrypt(Nan::NAN_METHOD_ARGS_TYPE)’:
../src/ursaNative.cc:1217:27: warning: ‘int RSA_size(const RSA*)’ is deprecated: Since OpenSSL 3.0 [-Wdeprecated-declarations]
 1217 |   int rsaLength = RSA_size(obj->rsa);
      |                   ~~~~~~~~^~~~~~~~~~
In file included from ../src/ursaNative.h:13,
                 from ../src/ursaNative.cc:3:
/home/rtorrez/.cache/node-gyp/20.11.0/include/node/openssl/rsa.h:204:27: note: declared here
  204 | OSSL_DEPRECATEDIN_3_0 int RSA_size(const RSA *rsa);
      |                           ^~~~~~~~
../src/ursaNative.cc:1227:37: warning: ‘int RSA_public_decrypt(int, const unsigned char*, unsigned char*, RSA*, int)’ is deprecated: Since OpenSSL 3.0 [-Wdeprecated-declarations]
 1227 |   int bufLength = RSA_public_decrypt(length, (unsigned char *)data,
      |                   ~~~~~~~~~~~~~~~~~~^~~~~~~~~~~~~~~~~~~~~~~~~~~~~~~
 1228 |                                      buf, obj->rsa, padding);
      |                                      ~~~~~~~~~~~~~~~~~~~~~~~
In file included from ../src/ursaNative.h:13,
                 from ../src/ursaNative.cc:3:
/home/rtorrez/.cache/node-gyp/20.11.0/include/node/openssl/rsa.h:288:5: note: declared here
  288 | int RSA_public_decrypt(int flen, const unsigned char *from, unsigned char *to,
      |     ^~~~~~~~~~~~~~~~~~
../src/ursaNative.cc: In static member function ‘static Nan::NAN_METHOD_RETURN_TYPE RsaWrap::PublicEncrypt(Nan::NAN_METHOD_ARGS_TYPE)’:
../src/ursaNative.cc:1271:27: warning: ‘int RSA_size(const RSA*)’ is deprecated: Since OpenSSL 3.0 [-Wdeprecated-declarations]
 1271 |   int rsaLength = RSA_size(obj->rsa);
      |                   ~~~~~~~~^~~~~~~~~~
In file included from ../src/ursaNative.h:13,
                 from ../src/ursaNative.cc:3:
/home/rtorrez/.cache/node-gyp/20.11.0/include/node/openssl/rsa.h:204:27: note: declared here
  204 | OSSL_DEPRECATEDIN_3_0 int RSA_size(const RSA *rsa);
      |                           ^~~~~~~~
../src/ursaNative.cc:1281:31: warning: ‘int RSA_public_encrypt(int, const unsigned char*, unsigned char*, RSA*, int)’ is deprecated: Since OpenSSL 3.0 [-Wdeprecated-declarations]
 1281 |   int ret = RSA_public_encrypt(length, (unsigned char *)data,
      |             ~~~~~~~~~~~~~~~~~~^~~~~~~~~~~~~~~~~~~~~~~~~~~~~~~
 1282 |                                (unsigned char *)node::Buffer::Data(result),
      |                                ~~~~~~~~~~~~~~~~~~~~~~~~~~~~~~~~~~~~~~~~~~~~
 1283 |                                obj->rsa, padding);
      |                                ~~~~~~~~~~~~~~~~~~
In file included from ../src/ursaNative.h:13,
                 from ../src/ursaNative.cc:3:
/home/rtorrez/.cache/node-gyp/20.11.0/include/node/openssl/rsa.h:282:5: note: declared here
  282 | int RSA_public_encrypt(int flen, const unsigned char *from, unsigned char *to,
      |     ^~~~~~~~~~~~~~~~~~
../src/ursaNative.cc: In static member function ‘static Nan::NAN_METHOD_RETURN_TYPE RsaWrap::SetPrivateKeyPem(Nan::NAN_METHOD_ARGS_TYPE)’:
../src/ursaNative.cc:1335:42: warning: ‘RSA* PEM_read_bio_RSAPrivateKey(BIO*, RSA**, int (*)(char*, int, int, void*), void*)’ is deprecated: Since OpenSSL 3.0 [-Wdeprecated-declarations]
 1335 |     obj->rsa = PEM_read_bio_RSAPrivateKey(bio, NULL, 0, password);
      |                ~~~~~~~~~~~~~~~~~~~~~~~~~~^~~~~~~~~~~~~~~~~~~~~~~~
In file included from /home/rtorrez/.cache/node-gyp/20.11.0/include/node/openssl/././archs/linux-x86_64/asm/include/openssl/ssl.h:36,
                 from /home/rtorrez/.cache/node-gyp/20.11.0/include/node/openssl/./ssl_asm.h:11,
                 from /home/rtorrez/.cache/node-gyp/20.11.0/include/node/openssl/ssl.h:4,
                 from ../src/ursaNative.cc:9:
/home/rtorrez/.cache/node-gyp/20.11.0/include/node/openssl/pem.h:70:11: note: declared here
   70 |     type *PEM_##readname##_##name(INTYPE *out, type **x,                \
      |           ^~~~
/home/rtorrez/.cache/node-gyp/20.11.0/include/node/openssl/pem.h:268:10: note: in expansion of macro ‘PEM_read_cb_fnsig’
  268 |     attr PEM_read_cb_fnsig(name, type, BIO, read_bio);
      |          ^~~~~~~~~~~~~~~~~
/home/rtorrez/.cache/node-gyp/20.11.0/include/node/openssl/pem.h:332:5: note: in expansion of macro ‘DECLARE_PEM_read_bio_attr’
  332 |     DECLARE_PEM_read_bio_attr(attr, name, type)                             \
      |     ^~~~~~~~~~~~~~~~~~~~~~~~~
/home/rtorrez/.cache/node-gyp/20.11.0/include/node/openssl/pem.h:359:5: note: in expansion of macro ‘DECLARE_PEM_read_attr’
  359 |     DECLARE_PEM_read_attr(attr, name, type)                                 \
      |     ^~~~~~~~~~~~~~~~~~~~~
/home/rtorrez/.cache/node-gyp/20.11.0/include/node/openssl/pem.h:447:1: note: in expansion of macro ‘DECLARE_PEM_rw_cb_attr’
  447 | DECLARE_PEM_rw_cb_attr(OSSL_DEPRECATEDIN_3_0, RSAPrivateKey, RSA)
      | ^~~~~~~~~~~~~~~~~~~~~~
../src/ursaNative.cc: In static member function ‘static Nan::NAN_METHOD_RETURN_TYPE RsaWrap::SetPublicKeyPem(Nan::NAN_METHOD_ARGS_TYPE)’:
../src/ursaNative.cc:1381:37: warning: ‘RSA* PEM_read_bio_RSA_PUBKEY(BIO*, RSA**, int (*)(char*, int, int, void*), void*)’ is deprecated: Since OpenSSL 3.0 [-Wdeprecated-declarations]
 1381 |   obj->rsa = PEM_read_bio_RSA_PUBKEY(bio, NULL, NULL, NULL);
      |              ~~~~~~~~~~~~~~~~~~~~~~~^~~~~~~~~~~~~~~~~~~~~~~
In file included from /home/rtorrez/.cache/node-gyp/20.11.0/include/node/openssl/././archs/linux-x86_64/asm/include/openssl/ssl.h:36,
                 from /home/rtorrez/.cache/node-gyp/20.11.0/include/node/openssl/./ssl_asm.h:11,
                 from /home/rtorrez/.cache/node-gyp/20.11.0/include/node/openssl/ssl.h:4,
                 from ../src/ursaNative.cc:9:
/home/rtorrez/.cache/node-gyp/20.11.0/include/node/openssl/pem.h:70:11: note: declared here
   70 |     type *PEM_##readname##_##name(INTYPE *out, type **x,                \
      |           ^~~~
/home/rtorrez/.cache/node-gyp/20.11.0/include/node/openssl/pem.h:268:10: note: in expansion of macro ‘PEM_read_cb_fnsig’
  268 |     attr PEM_read_cb_fnsig(name, type, BIO, read_bio);
      |          ^~~~~~~~~~~~~~~~~
/home/rtorrez/.cache/node-gyp/20.11.0/include/node/openssl/pem.h:332:5: note: in expansion of macro ‘DECLARE_PEM_read_bio_attr’
  332 |     DECLARE_PEM_read_bio_attr(attr, name, type)                             \
      |     ^~~~~~~~~~~~~~~~~~~~~~~~~
/home/rtorrez/.cache/node-gyp/20.11.0/include/node/openssl/pem.h:342:5: note: in expansion of macro ‘DECLARE_PEM_read_attr’
  342 |     DECLARE_PEM_read_attr(attr, name, type)                                 \
      |     ^~~~~~~~~~~~~~~~~~~~~
/home/rtorrez/.cache/node-gyp/20.11.0/include/node/openssl/pem.h:449:1: note: in expansion of macro ‘DECLARE_PEM_rw_attr’
  449 | DECLARE_PEM_rw_attr(OSSL_DEPRECATEDIN_3_0, RSA_PUBKEY, RSA)
      | ^~~~~~~~~~~~~~~~~~~
../src/ursaNative.cc: In static member function ‘static Nan::NAN_METHOD_RETURN_TYPE RsaWrap::Sign(Nan::NAN_METHOD_ARGS_TYPE)’:
../src/ursaNative.cc:1433:48: warning: ‘int RSA_size(const RSA*)’ is deprecated: Since OpenSSL 3.0 [-Wdeprecated-declarations]
 1433 |   unsigned int rsaSize = (unsigned int)RSA_size(obj->rsa);
      |                                        ~~~~~~~~^~~~~~~~~~
In file included from ../src/ursaNative.h:13,
                 from ../src/ursaNative.cc:3:
/home/rtorrez/.cache/node-gyp/20.11.0/include/node/openssl/rsa.h:204:27: note: declared here
  204 | OSSL_DEPRECATEDIN_3_0 int RSA_size(const RSA *rsa);
      |                           ^~~~~~~~
../src/ursaNative.cc:1437:21: warning: ‘int RSA_sign(int, const unsigned char*, unsigned int, unsigned char*, unsigned int*, RSA*)’ is deprecated: Since OpenSSL 3.0 [-Wdeprecated-declarations]
 1437 |   int ret = RSA_sign(nid, (unsigned char *)data, dataLength,
      |             ~~~~~~~~^~~~~~~~~~~~~~~~~~~~~~~~~~~~~~~~~~~~~~~~
 1438 |                      (unsigned char *)node::Buffer::Data(result),
      |                      ~~~~~~~~~~~~~~~~~~~~~~~~~~~~~~~~~~~~~~~~~~~~
 1439 |                      &sigLength, obj->rsa);
      |                      ~~~~~~~~~~~~~~~~~~~~~
In file included from ../src/ursaNative.h:13,
                 from ../src/ursaNative.cc:3:
/home/rtorrez/.cache/node-gyp/20.11.0/include/node/openssl/rsa.h:348:27: note: declared here
  348 | OSSL_DEPRECATEDIN_3_0 int RSA_sign(int type, const unsigned char *m,
      |                           ^~~~~~~~
../src/ursaNative.cc: In static member function ‘static Nan::NAN_METHOD_RETURN_TYPE RsaWrap::Verify(Nan::NAN_METHOD_ARGS_TYPE)’:
../src/ursaNative.cc:1512:23: warning: ‘int RSA_verify(int, const unsigned char*, unsigned int, const unsigned char*, unsigned int, RSA*)’ is deprecated: Since OpenSSL 3.0 [-Wdeprecated-declarations]
 1512 |   int ret = RSA_verify(nid, (unsigned char *)data, dataLength,
      |             ~~~~~~~~~~^~~~~~~~~~~~~~~~~~~~~~~~~~~~~~~~~~~~~~~~
 1513 |                        (unsigned char *)sig, sigLength, obj->rsa);
      |                        ~~~~~~~~~~~~~~~~~~~~~~~~~~~~~~~~~~~~~~~~~~
In file included from ../src/ursaNative.h:13,
                 from ../src/ursaNative.cc:3:
/home/rtorrez/.cache/node-gyp/20.11.0/include/node/openssl/rsa.h:351:27: note: declared here
  351 | OSSL_DEPRECATEDIN_3_0 int RSA_verify(int type, const unsigned char *m,
      |                           ^~~~~~~~~~
../src/ursaNative.cc: In static member function ‘static Nan::NAN_METHOD_RETURN_TYPE RsaWrap::AddPSSPadding(Nan::NAN_METHOD_ARGS_TYPE)’:
../src/ursaNative.cc:1593:49: warning: ‘int RSA_size(const RSA*)’ is deprecated: Since OpenSSL 3.0 [-Wdeprecated-declarations]
 1593 |   unsigned int emLength = (unsigned int)RSA_size(obj->rsa);
      |                                         ~~~~~~~~^~~~~~~~~~
In file included from ../src/ursaNative.h:13,
                 from ../src/ursaNative.cc:3:
/home/rtorrez/.cache/node-gyp/20.11.0/include/node/openssl/rsa.h:204:27: note: declared here
  204 | OSSL_DEPRECATEDIN_3_0 int RSA_size(const RSA *rsa);
      |                           ^~~~~~~~
../src/ursaNative.cc:1596:38: warning: ‘int RSA_padding_add_PKCS1_PSS(RSA*, unsigned char*, const unsigned char*, const EVP_MD*, int)’ is deprecated: Since OpenSSL 3.0 [-Wdeprecated-declarations]
 1596 |   int ret = RSA_padding_add_PKCS1_PSS(obj->rsa,
      |             ~~~~~~~~~~~~~~~~~~~~~~~~~^~~~~~~~~~
 1597 |                                       (unsigned char *)node::Buffer::Data(EM),
      |                                       ~~~~~~~~~~~~~~~~~~~~~~~~~~~~~~~~~~~~~~~~
 1598 |                                       (unsigned char *)mHash, Hash, sLen);
      |                                       ~~~~~~~~~~~~~~~~~~~~~~~~~~~~~~~~~~~
In file included from ../src/ursaNative.h:13,
                 from ../src/ursaNative.cc:3:
/home/rtorrez/.cache/node-gyp/20.11.0/include/node/openssl/rsa.h:428:5: note: declared here
  428 | int RSA_padding_add_PKCS1_PSS(RSA *rsa, unsigned char *EM,
      |     ^~~~~~~~~~~~~~~~~~~~~~~~~
../src/ursaNative.cc: In static member function ‘static Nan::NAN_METHOD_RETURN_TYPE RsaWrap::VerifyPSSPadding(Nan::NAN_METHOD_ARGS_TYPE)’:
../src/ursaNative.cc:1665:57: warning: ‘int RSA_size(const RSA*)’ is deprecated: Since OpenSSL 3.0 [-Wdeprecated-declarations]
 1665 |   if (node::Buffer::Length(emBuffer) != (size_t)RSA_size(obj->rsa))
      |                                                 ~~~~~~~~^~~~~~~~~~
In file included from ../src/ursaNative.h:13,
                 from ../src/ursaNative.cc:3:
/home/rtorrez/.cache/node-gyp/20.11.0/include/node/openssl/rsa.h:204:27: note: declared here
  204 | OSSL_DEPRECATEDIN_3_0 int RSA_size(const RSA *rsa);
      |                           ^~~~~~~~
../src/ursaNative.cc:1683:33: warning: ‘int RSA_verify_PKCS1_PSS(RSA*, const unsigned char*, const EVP_MD*, const unsigned char*, int)’ is deprecated: Since OpenSSL 3.0 [-Wdeprecated-declarations]
 1683 |   int ret = RSA_verify_PKCS1_PSS(obj->rsa,
      |             ~~~~~~~~~~~~~~~~~~~~^~~~~~~~~~
 1684 |                                  (unsigned char *)mHash, Hash, (unsigned char *)EM, sLen);
      |                                  ~~~~~~~~~~~~~~~~~~~~~~~~~~~~~~~~~~~~~~~~~~~~~~~~~~~~~~~~
In file included from ../src/ursaNative.h:13,
                 from ../src/ursaNative.cc:3:
/home/rtorrez/.cache/node-gyp/20.11.0/include/node/openssl/rsa.h:424:5: note: declared here
  424 | int RSA_verify_PKCS1_PSS(RSA *rsa, const unsigned char *mHash,
      |     ^~~~~~~~~~~~~~~~~~~~
../src/ursaNative.cc: In static member function ‘static Nan::NAN_METHOD_RETURN_TYPE RsaWrap::CreatePrivateKeyFromComponents(Nan::NAN_METHOD_ARGS_TYPE)’:
../src/ursaNative.cc:1721:21: warning: ‘RSA* RSA_new()’ is deprecated: Since OpenSSL 3.0 [-Wdeprecated-declarations]
 1721 |   obj->rsa = RSA_new();
      |              ~~~~~~~^~
In file included from ../src/ursaNative.h:13,
                 from ../src/ursaNative.cc:3:
/home/rtorrez/.cache/node-gyp/20.11.0/include/node/openssl/rsa.h:201:28: note: declared here
  201 | OSSL_DEPRECATEDIN_3_0 RSA *RSA_new(void);
      |                            ^~~~~~~
../src/ursaNative.cc:1778:17: warning: ‘int RSA_set0_key(RSA*, BIGNUM*, BIGNUM*, BIGNUM*)’ is deprecated: Since OpenSSL 3.0 [-Wdeprecated-declarations]
 1778 |     RSA_set0_key(obj->rsa, modulus, exponent, d);
      |     ~~~~~~~~~~~~^~~~~~~~~~~~~~~~~~~~~~~~~~~~~~~~
In file included from ../src/ursaNative.h:13,
                 from ../src/ursaNative.cc:3:
/home/rtorrez/.cache/node-gyp/20.11.0/include/node/openssl/rsa.h:207:27: note: declared here
  207 | OSSL_DEPRECATEDIN_3_0 int RSA_set0_key(RSA *r, BIGNUM *n, BIGNUM *e, BIGNUM *d);
      |                           ^~~~~~~~~~~~
../src/ursaNative.cc:1779:21: warning: ‘int RSA_set0_factors(RSA*, BIGNUM*, BIGNUM*)’ is deprecated: Since OpenSSL 3.0 [-Wdeprecated-declarations]
 1779 |     RSA_set0_factors(obj->rsa, p, q);
      |     ~~~~~~~~~~~~~~~~^~~~~~~~~~~~~~~~
In file included from ../src/ursaNative.h:13,
                 from ../src/ursaNative.cc:3:
/home/rtorrez/.cache/node-gyp/20.11.0/include/node/openssl/rsa.h:208:27: note: declared here
  208 | OSSL_DEPRECATEDIN_3_0 int RSA_set0_factors(RSA *r, BIGNUM *p, BIGNUM *q);
      |                           ^~~~~~~~~~~~~~~~
../src/ursaNative.cc:1780:24: warning: ‘int RSA_set0_crt_params(RSA*, BIGNUM*, BIGNUM*, BIGNUM*)’ is deprecated: Since OpenSSL 3.0 [-Wdeprecated-declarations]
 1780 |     RSA_set0_crt_params(obj->rsa, dp, dq, inverseQ);
      |     ~~~~~~~~~~~~~~~~~~~^~~~~~~~~~~~~~~~~~~~~~~~~~~~
In file included from ../src/ursaNative.h:13,
                 from ../src/ursaNative.cc:3:
/home/rtorrez/.cache/node-gyp/20.11.0/include/node/openssl/rsa.h:209:27: note: declared here
  209 | OSSL_DEPRECATEDIN_3_0 int RSA_set0_crt_params(RSA *r,
      |                           ^~~~~~~~~~~~~~~~~~~
../src/ursaNative.cc: In static member function ‘static Nan::NAN_METHOD_RETURN_TYPE RsaWrap::CreatePublicKeyFromComponents(Nan::NAN_METHOD_ARGS_TYPE)’:
../src/ursaNative.cc:1836:21: warning: ‘RSA* RSA_new()’ is deprecated: Since OpenSSL 3.0 [-Wdeprecated-declarations]
 1836 |   obj->rsa = RSA_new();
      |              ~~~~~~~^~
In file included from ../src/ursaNative.h:13,
                 from ../src/ursaNative.cc:3:
/home/rtorrez/.cache/node-gyp/20.11.0/include/node/openssl/rsa.h:201:28: note: declared here
  201 | OSSL_DEPRECATEDIN_3_0 RSA *RSA_new(void);
      |                            ^~~~~~~
../src/ursaNative.cc:1857:17: warning: ‘int RSA_set0_key(RSA*, BIGNUM*, BIGNUM*, BIGNUM*)’ is deprecated: Since OpenSSL 3.0 [-Wdeprecated-declarations]
 1857 |     RSA_set0_key(obj->rsa, modulus, exponent, NULL);
      |     ~~~~~~~~~~~~^~~~~~~~~~~~~~~~~~~~~~~~~~~~~~~~~~~
In file included from ../src/ursaNative.h:13,
                 from ../src/ursaNative.cc:3:
/home/rtorrez/.cache/node-gyp/20.11.0/include/node/openssl/rsa.h:207:27: note: declared here
  207 | OSSL_DEPRECATEDIN_3_0 int RSA_set0_key(RSA *r, BIGNUM *n, BIGNUM *e, BIGNUM *d);
      |                           ^~~~~~~~~~~~
make: *** [ursaNative.target.mk:108: Release/obj.target/ursaNative/src/ursaNative.o] Error 1
gyp ERR! build error 
gyp ERR! stack Error: `make` failed with exit code: 2
gyp ERR! stack at ChildProcess.<anonymous> (/usr/local/lib/node_modules/npm/node_modules/node-gyp/lib/build.js:209:23)
gyp ERR! System Linux 6.2.0-39-generic
gyp ERR! command "/usr/local/bin/node" "/usr/local/lib/node_modules/npm/node_modules/node-gyp/bin/node-gyp.js" "rebuild"
gyp ERR! cwd /home/rtorrez/Documentos/personal/ntf/nft-react-boilerplate/node_modules/ursa-optional
gyp ERR! node -v v20.11.0
gyp ERR! node-gyp -v v10.0.1
gyp ERR! not ok 
